<?xml version="1.0" encoding="UTF-8"?>
<testsuite name="TrigonometricFunctionsModuleTest" tests="7" skipped="0" failures="0" errors="0" timestamp="2021-10-06T09:10:44" hostname="i101922466" time="0.085">
  <properties/>
  <testcase name="testLegalArgumentsCosModule()" classname="TrigonometricFunctionsModuleTest" time="0.026"/>
  <testcase name="testLegalArgumentsTanModule()" classname="TrigonometricFunctionsModuleTest" time="0.013"/>
  <testcase name="testLegalArgumentsCotModule()" classname="TrigonometricFunctionsModuleTest" time="0.009"/>
  <testcase name="testLegalArgumentsCscModule()" classname="TrigonometricFunctionsModuleTest" time="0.008"/>
  <testcase name="testIllegalArgumentsTrigonometricFunctionsModule()" classname="TrigonometricFunctionsModuleTest" time="0.01"/>
  <testcase name="testLegalArgumentsSinModule()" classname="TrigonometricFunctionsModuleTest" time="0.007"/>
  <testcase name="testLegalArgumentsSecModule()" classname="TrigonometricFunctionsModuleTest" time="0.007"/>
  <system-out><![CDATA[]]></system-out>
  <system-err><![CDATA[]]></system-err>
</testsuite>
