<?xml version="1.0" encoding="UTF-8"?>
<testsuite name="SinusTest" tests="2" skipped="0" failures="0" errors="0" timestamp="2021-10-06T09:10:44" hostname="i101922466" time="0.009">
  <properties/>
  <testcase name="testIllegalArgumentsSinus()" classname="SinusTest" time="0.005"/>
  <testcase name="testLegalArgumentsSinus()" classname="SinusTest" time="0.003"/>
  <system-out><![CDATA[]]></system-out>
  <system-err><![CDATA[]]></system-err>
</testsuite>
