<?xml version="1.0" encoding="UTF-8"?>
<testsuite name="LogarithmModuleTest" tests="2" skipped="0" failures="0" errors="0" timestamp="2021-10-06T09:10:44" hostname="i101922466" time="0.035">
  <properties/>
  <testcase name="testLegalArgumentsLogBaseThreeModule()" classname="LogarithmModuleTest" time="0.031"/>
  <testcase name="testIllegalArgumentsLogBaseThreeModule()" classname="LogarithmModuleTest" time="0.003"/>
  <system-out><![CDATA[]]></system-out>
  <system-err><![CDATA[]]></system-err>
</testsuite>
