<?xml version="1.0" encoding="UTF-8"?>
<testsuite name="LogarithmTest" tests="2" skipped="0" failures="0" errors="0" timestamp="2021-10-06T09:10:44" hostname="i101922466" time="0.037">
  <properties/>
  <testcase name="testIllegalArgumentsLogBaseThree()" classname="LogarithmTest" time="0.009"/>
  <testcase name="testLegalArgumentsLogBaseThree()" classname="LogarithmTest" time="0.02"/>
  <system-out><![CDATA[]]></system-out>
  <system-err><![CDATA[]]></system-err>
</testsuite>
